<?xml version="1.0" encoding="UTF-8"?>
<testng-results skipped="0" failed="0" total="3" passed="3">
  <reporter-output>
  </reporter-output>
  <suite name="SalesForce.Com" duration-ms="58919" started-at="2013-12-22T18:07:02Z" finished-at="2013-12-22T18:08:01Z">
    <groups>
    </groups>
    <test name="Starting Test Suite" duration-ms="6" started-at="2013-12-22T18:07:02Z" finished-at="2013-12-22T18:07:02Z">
    </test> <!-- Starting Test Suite -->
    <test name="Login test" duration-ms="34378" started-at="2013-12-22T18:07:02Z" finished-at="2013-12-22T18:07:37Z">
      <class name="Testcases.LoginTest">
        <test-method status="PASS" signature="isSkip()[pri:0, instance:Testcases.LoginTest@4a17babb]" name="isSkip" is-config="true" duration-ms="20218" started-at="2013-12-22T23:37:02Z" finished-at="2013-12-22T23:37:23Z">
          <reporter-output>
          </reporter-output>
        </test-method> <!-- isSkip -->
        <test-method status="PASS" signature="dologin(java.util.Hashtable)[pri:0, instance:Testcases.LoginTest@4a17babb]" name="dologin" duration-ms="14140" started-at="2013-12-22T23:37:23Z" data-provider="getData" finished-at="2013-12-22T23:37:37Z">
          <params>
            <param index="0">
              <value>
                <![CDATA[{Username=abdul.khan620@gmail.com, TestName=LoginTest, serial=1.0, Password=selenium1234, runmode=Y, title=google.com}]]>
              </value>
            </param>
          </params>
          <reporter-output>
          </reporter-output>
        </test-method> <!-- dologin -->
      </class> <!-- Testcases.LoginTest -->
    </test> <!-- Login test -->
    <test name="Import Contact Test" duration-ms="14487" started-at="2013-12-22T18:07:37Z" finished-at="2013-12-22T18:07:51Z">
      <class name="Testcases.ImportContactTest">
        <test-method status="PASS" signature="isSkip()[pri:0, instance:Testcases.ImportContactTest@6b249338]" name="isSkip" is-config="true" duration-ms="1" started-at="2013-12-22T23:37:37Z" finished-at="2013-12-22T23:37:37Z">
          <reporter-output>
          </reporter-output>
        </test-method> <!-- isSkip -->
        <test-method status="PASS" signature="ImportContactTest(java.util.Hashtable)[pri:0, instance:Testcases.ImportContactTest@6b249338]" name="ImportContactTest" duration-ms="14481" started-at="2013-12-22T23:37:37Z" data-provider="getData" finished-at="2013-12-22T23:37:51Z">
          <params>
            <param index="0">
              <value>
                <![CDATA[{TestName=ImportContactTest, serial=2.0, runmode=Y}]]>
              </value>
            </param>
          </params>
          <reporter-output>
          </reporter-output>
        </test-method> <!-- ImportContactTest -->
      </class> <!-- Testcases.ImportContactTest -->
    </test> <!-- Import Contact Test -->
    <test name="Post comments" duration-ms="9999" started-at="2013-12-22T18:07:51Z" finished-at="2013-12-22T18:08:01Z">
      <class name="Testcases.ChatterTest">
        <test-method status="PASS" signature="isSkip()[pri:0, instance:Testcases.ChatterTest@614b5446]" name="isSkip" is-config="true" duration-ms="1" started-at="2013-12-22T23:37:51Z" finished-at="2013-12-22T23:37:51Z">
          <reporter-output>
          </reporter-output>
        </test-method> <!-- isSkip -->
        <test-method status="PASS" signature="chattertest(java.util.Hashtable)[pri:0, instance:Testcases.ChatterTest@614b5446]" name="chattertest" duration-ms="9992" started-at="2013-12-22T23:37:51Z" data-provider="getData" finished-at="2013-12-22T23:38:01Z">
          <params>
            <param index="0">
              <value>
                <![CDATA[{Share=Share Comment, TestName=ChatterTest, serial=3.0, runmode=Y, Comment=Another comments}]]>
              </value>
            </param>
          </params>
          <reporter-output>
          </reporter-output>
        </test-method> <!-- chattertest -->
      </class> <!-- Testcases.ChatterTest -->
    </test> <!-- Post comments -->
    <test name="Ending Test Suite" duration-ms="0" started-at="2013-12-22T18:08:01Z" finished-at="2013-12-22T18:08:01Z">
      <class name="Testcases.BegainingTestSuite">
        <test-method status="PASS" signature="loadReports()[pri:0, instance:Testcases.BegainingTestSuite@3f2a225b]" name="loadReports" is-config="true" duration-ms="1250" started-at="2013-12-22T23:37:01Z" finished-at="2013-12-22T23:37:02Z">
          <reporter-output>
          </reporter-output>
        </test-method> <!-- loadReports -->
      </class> <!-- Testcases.BegainingTestSuite -->
      <class name="Testcases.EndingTestSuite">
        <test-method status="PASS" signature="finaltest()[pri:0, instance:Testcases.EndingTestSuite@5dd72c40]" name="finaltest" is-config="true" duration-ms="3150" started-at="2013-12-22T23:38:01Z" finished-at="2013-12-22T23:38:04Z">
          <reporter-output>
          </reporter-output>
        </test-method> <!-- finaltest -->
      </class> <!-- Testcases.EndingTestSuite -->
    </test> <!-- Ending Test Suite -->
  </suite> <!-- SalesForce.Com -->
</testng-results>
