<?xml version="1.0" encoding="UTF-8"?>
<!-- Generated by org.testng.reporters.JUnitXMLReporter -->
<testsuite hostname="Abdulkadirkhan" name="Import Contact Test" tests="1" failures="0" timestamp="21 Dec 2013 19:57:31 GMT" time="0.006" errors="0">
  <testcase name="@BeforeTest isSkip" time="0.0" classname="Testcases.ImportContactTest">
    <skipped/>
  </testcase> <!-- @BeforeTest isSkip -->
  <testcase name="ImportContactTest" time="0.0" classname="Testcases.ImportContactTest">
    <skipped/>
  </testcase> <!-- ImportContactTest -->
</testsuite> <!-- Import Contact Test -->
