<?xml version="1.0" encoding="UTF-8"?>
<!-- Generated by org.testng.reporters.JUnitXMLReporter -->
<testsuite hostname="Abdulkadirkhan" name="Post comments" tests="1" failures="0" timestamp="21 Dec 2013 19:57:31 GMT" time="0.008" errors="0">
  <testcase name="@BeforeTest isSkip" time="0.0" classname="Testcases.ChatterTest">
    <skipped/>
  </testcase> <!-- @BeforeTest isSkip -->
  <testcase name="chattertest" time="0.002" classname="Testcases.ChatterTest">
    <skipped/>
  </testcase> <!-- chattertest -->
</testsuite> <!-- Post comments -->
